[ 2019-08-09T08:38:43+08:00 ][ sql ] [ DB ] CONNECT:[ UseTime:0.011001s ] mysql:host=127.0.0.1;dbname=fastadmin;charset=utf8
[ 2019-08-09T08:38:43+08:00 ][ sql ] [ SQL ] SHOW TABLE STATUS LIKE 'test' [ RunTime:0.081004s ]
[ 2019-08-09T08:38:43+08:00 ][ sql ] [ SQL ] SHOW TABLE STATUS LIKE 'fa_test' [ RunTime:0.064004s ]
[ 2019-08-09T08:38:43+08:00 ][ sql ] [ SQL ] SELECT * FROM `information_schema`.`columns` WHERE TABLE_SCHEMA = 'fastadmin' AND table_name = 'fa_test' ORDER BY ORDINAL_POSITION [ RunTime:0.033002s ]
[ 2019-08-09T08:39:36+08:00 ][ sql ] [ DB ] CONNECT:[ UseTime:0.003000s ] mysql:host=127.0.0.1;dbname=fastadmin;charset=utf8
[ 2019-08-09T08:39:36+08:00 ][ sql ] [ SQL ] SHOW TABLE STATUS LIKE 'test' [ RunTime:0.001001s ]
[ 2019-08-09T08:39:36+08:00 ][ sql ] [ SQL ] SHOW TABLE STATUS LIKE 'fa_test' [ RunTime:0.002000s ]
[ 2019-08-09T08:39:55+08:00 ][ sql ] [ DB ] CONNECT:[ UseTime:0.003000s ] mysql:host=127.0.0.1;dbname=fastadmin;charset=utf8
[ 2019-08-09T08:39:55+08:00 ][ sql ] [ SQL ] SHOW TABLE STATUS LIKE 'test' [ RunTime:0.002000s ]
[ 2019-08-09T08:39:55+08:00 ][ sql ] [ SQL ] SHOW TABLE STATUS LIKE 'fa_test' [ RunTime:0.002000s ]
[ 2019-08-09T08:39:55+08:00 ][ sql ] [ SQL ] SELECT * FROM `information_schema`.`columns` WHERE TABLE_SCHEMA = 'fastadmin' AND table_name = 'fa_test' ORDER BY ORDINAL_POSITION [ RunTime:0.001000s ]
[ 2019-08-09T08:39:56+08:00 ][ sql ] [ DB ] CONNECT:[ UseTime:0.004001s ] mysql:host=127.0.0.1;dbname=fastadmin;charset=utf8
[ 2019-08-09T08:39:56+08:00 ][ sql ] [ SQL ] SHOW COLUMNS FROM `fa_auth_rule` [ RunTime:0.001000s ]
[ 2019-08-09T08:39:56+08:00 ][ sql ] [ SQL ] SELECT * FROM `fa_auth_rule` WHERE  `name` = 'test' LIMIT 1 [ RunTime:0.028002s ]
[ 2019-08-09T08:39:56+08:00 ][ sql ] [ SQL ] INSERT INTO `fa_auth_rule` (`pid` , `name` , `title` , `icon` , `remark` , `ismenu` , `status` , `createtime` , `updatetime`) VALUES (0 , 'test' , '测试管理' , 'fa fa-circle-o' , '' , 1 , 'normal' , 1565311196 , 1565311196) [ RunTime:0.122007s ]
[ 2019-08-09T08:39:56+08:00 ][ sql ] [ SQL ] SELECT `id` FROM `fa_auth_rule` WHERE  `name` = 'test/index' LIMIT 1 [ RunTime:0.000000s ]
[ 2019-08-09T08:39:56+08:00 ][ sql ] [ SQL ] SELECT `id` FROM `fa_auth_rule` WHERE  `name` = 'test/recyclebin' LIMIT 1 [ RunTime:0.000000s ]
[ 2019-08-09T08:39:56+08:00 ][ sql ] [ SQL ] SELECT `id` FROM `fa_auth_rule` WHERE  `name` = 'test/add' LIMIT 1 [ RunTime:0.001000s ]
[ 2019-08-09T08:39:56+08:00 ][ sql ] [ SQL ] SELECT `id` FROM `fa_auth_rule` WHERE  `name` = 'test/edit' LIMIT 1 [ RunTime:0.000000s ]
[ 2019-08-09T08:39:56+08:00 ][ sql ] [ SQL ] SELECT `id` FROM `fa_auth_rule` WHERE  `name` = 'test/del' LIMIT 1 [ RunTime:0.001000s ]
[ 2019-08-09T08:39:56+08:00 ][ sql ] [ SQL ] SELECT `id` FROM `fa_auth_rule` WHERE  `name` = 'test/destroy' LIMIT 1 [ RunTime:0.000000s ]
[ 2019-08-09T08:39:56+08:00 ][ sql ] [ SQL ] SELECT `id` FROM `fa_auth_rule` WHERE  `name` = 'test/restore' LIMIT 1 [ RunTime:0.001000s ]
[ 2019-08-09T08:39:56+08:00 ][ sql ] [ SQL ] SELECT `id` FROM `fa_auth_rule` WHERE  `name` = 'test/multi' LIMIT 1 [ RunTime:0.000000s ]
[ 2019-08-09T08:39:56+08:00 ][ sql ] [ SQL ] INSERT INTO `fa_auth_rule` (`id` , `pid` , `name` , `icon` , `title` , `ismenu` , `status` , `createtime` , `updatetime`) VALUES (NULL , 94 , 'test/index' , 'fa fa-circle-o' , '查看' , 0 , 'normal' , 1565311196 , 1565311196) [ RunTime:0.006001s ]
[ 2019-08-09T08:39:56+08:00 ][ sql ] [ SQL ] INSERT INTO `fa_auth_rule` (`id` , `pid` , `name` , `icon` , `title` , `ismenu` , `status` , `createtime` , `updatetime`) VALUES (NULL , 94 , 'test/recyclebin' , 'fa fa-circle-o' , '回收站' , 0 , 'normal' , 1565311196 , 1565311196) [ RunTime:0.001000s ]
[ 2019-08-09T08:39:56+08:00 ][ sql ] [ SQL ] INSERT INTO `fa_auth_rule` (`id` , `pid` , `name` , `icon` , `title` , `ismenu` , `status` , `createtime` , `updatetime`) VALUES (NULL , 94 , 'test/add' , 'fa fa-circle-o' , '添加' , 0 , 'normal' , 1565311196 , 1565311196) [ RunTime:0.000000s ]
[ 2019-08-09T08:39:56+08:00 ][ sql ] [ SQL ] INSERT INTO `fa_auth_rule` (`id` , `pid` , `name` , `icon` , `title` , `ismenu` , `status` , `createtime` , `updatetime`) VALUES (NULL , 94 , 'test/edit' , 'fa fa-circle-o' , '编辑' , 0 , 'normal' , 1565311196 , 1565311196) [ RunTime:0.000000s ]
[ 2019-08-09T08:39:56+08:00 ][ sql ] [ SQL ] INSERT INTO `fa_auth_rule` (`id` , `pid` , `name` , `icon` , `title` , `ismenu` , `status` , `createtime` , `updatetime`) VALUES (NULL , 94 , 'test/del' , 'fa fa-circle-o' , '删除' , 0 , 'normal' , 1565311196 , 1565311196) [ RunTime:0.001000s ]
[ 2019-08-09T08:39:56+08:00 ][ sql ] [ SQL ] INSERT INTO `fa_auth_rule` (`id` , `pid` , `name` , `icon` , `title` , `ismenu` , `status` , `createtime` , `updatetime`) VALUES (NULL , 94 , 'test/destroy' , 'fa fa-circle-o' , '真实删除' , 0 , 'normal' , 1565311196 , 1565311196) [ RunTime:0.000000s ]
[ 2019-08-09T08:39:56+08:00 ][ sql ] [ SQL ] INSERT INTO `fa_auth_rule` (`id` , `pid` , `name` , `icon` , `title` , `ismenu` , `status` , `createtime` , `updatetime`) VALUES (NULL , 94 , 'test/restore' , 'fa fa-circle-o' , '还原' , 0 , 'normal' , 1565311196 , 1565311196) [ RunTime:0.000000s ]
[ 2019-08-09T08:39:56+08:00 ][ sql ] [ SQL ] INSERT INTO `fa_auth_rule` (`id` , `pid` , `name` , `icon` , `title` , `ismenu` , `status` , `createtime` , `updatetime`) VALUES (NULL , 94 , 'test/multi' , 'fa fa-circle-o' , '批量更新' , 0 , 'normal' , 1565311196 , 1565311196) [ RunTime:0.000000s ]
[ 2019-08-09T10:08:01+08:00 ][ sql ] [ DB ] CONNECT:[ UseTime:0.004000s ] mysql:host=127.0.0.1;dbname=fastadmin;charset=utf8
[ 2019-08-09T10:08:01+08:00 ][ sql ] [ SQL ] SHOW TABLE STATUS LIKE 'videotest' [ RunTime:0.077004s ]
[ 2019-08-09T10:08:01+08:00 ][ sql ] [ SQL ] SHOW TABLE STATUS LIKE 'fa_videotest' [ RunTime:0.131008s ]
[ 2019-08-09T10:09:03+08:00 ][ sql ] [ DB ] CONNECT:[ UseTime:0.002001s ] mysql:host=127.0.0.1;dbname=fastadmin;charset=utf8
[ 2019-08-09T10:09:03+08:00 ][ sql ] [ SQL ] SHOW TABLE STATUS LIKE 'videotest' [ RunTime:0.001000s ]
[ 2019-08-09T10:09:03+08:00 ][ sql ] [ SQL ] SHOW TABLE STATUS LIKE 'fa_videotest' [ RunTime:0.002000s ]
[ 2019-08-09T10:09:03+08:00 ][ sql ] [ SQL ] SELECT * FROM `information_schema`.`columns` WHERE TABLE_SCHEMA = 'fastadmin' AND table_name = 'fa_videotest' ORDER BY ORDINAL_POSITION [ RunTime:0.001000s ]
[ 2019-08-09T10:09:05+08:00 ][ sql ] [ DB ] CONNECT:[ UseTime:0.003000s ] mysql:host=127.0.0.1;dbname=fastadmin;charset=utf8
[ 2019-08-09T10:09:05+08:00 ][ sql ] [ SQL ] SHOW COLUMNS FROM `fa_auth_rule` [ RunTime:0.001000s ]
[ 2019-08-09T10:09:05+08:00 ][ sql ] [ SQL ] SELECT * FROM `fa_auth_rule` WHERE  `name` = 'videotest' LIMIT 1 [ RunTime:0.001000s ]
[ 2019-08-09T10:09:05+08:00 ][ sql ] [ SQL ] SELECT `id` FROM `fa_auth_rule` WHERE  `name` = 'videotest/index' LIMIT 1 [ RunTime:0.001000s ]
[ 2019-08-09T10:09:05+08:00 ][ sql ] [ SQL ] SELECT `id` FROM `fa_auth_rule` WHERE  `name` = 'videotest/recyclebin' LIMIT 1 [ RunTime:0.001000s ]
[ 2019-08-09T10:09:05+08:00 ][ sql ] [ SQL ] SELECT `id` FROM `fa_auth_rule` WHERE  `name` = 'videotest/add' LIMIT 1 [ RunTime:0.001000s ]
[ 2019-08-09T10:09:05+08:00 ][ sql ] [ SQL ] SELECT `id` FROM `fa_auth_rule` WHERE  `name` = 'videotest/edit' LIMIT 1 [ RunTime:0.000000s ]
[ 2019-08-09T10:09:05+08:00 ][ sql ] [ SQL ] SELECT `id` FROM `fa_auth_rule` WHERE  `name` = 'videotest/del' LIMIT 1 [ RunTime:0.001000s ]
[ 2019-08-09T10:09:05+08:00 ][ sql ] [ SQL ] SELECT `id` FROM `fa_auth_rule` WHERE  `name` = 'videotest/destroy' LIMIT 1 [ RunTime:0.000000s ]
[ 2019-08-09T10:09:05+08:00 ][ sql ] [ SQL ] SELECT `id` FROM `fa_auth_rule` WHERE  `name` = 'videotest/restore' LIMIT 1 [ RunTime:0.001000s ]
[ 2019-08-09T10:09:05+08:00 ][ sql ] [ SQL ] SELECT `id` FROM `fa_auth_rule` WHERE  `name` = 'videotest/multi' LIMIT 1 [ RunTime:0.001001s ]
[ 2019-08-09T10:09:05+08:00 ][ sql ] [ SQL ] UPDATE `fa_auth_rule`  SET `pid`=85,`name`='videotest/index',`icon`='fa fa-circle-o',`title`='查看',`ismenu`=0,`status`='normal',`updatetime`=1565316545  WHERE  `id` = 86 [ RunTime:0.005001s ]
[ 2019-08-09T10:09:05+08:00 ][ sql ] [ SQL ] UPDATE `fa_auth_rule`  SET `pid`=85,`name`='videotest/recyclebin',`icon`='fa fa-circle-o',`title`='回收站',`ismenu`=0,`status`='normal',`updatetime`=1565316545  WHERE  `id` = 87 [ RunTime:0.001000s ]
[ 2019-08-09T10:09:05+08:00 ][ sql ] [ SQL ] UPDATE `fa_auth_rule`  SET `pid`=85,`name`='videotest/add',`icon`='fa fa-circle-o',`title`='添加',`ismenu`=0,`status`='normal',`updatetime`=1565316545  WHERE  `id` = 88 [ RunTime:0.000000s ]
[ 2019-08-09T10:09:05+08:00 ][ sql ] [ SQL ] UPDATE `fa_auth_rule`  SET `pid`=85,`name`='videotest/edit',`icon`='fa fa-circle-o',`title`='编辑',`ismenu`=0,`status`='normal',`updatetime`=1565316545  WHERE  `id` = 89 [ RunTime:0.001000s ]
[ 2019-08-09T10:09:05+08:00 ][ sql ] [ SQL ] UPDATE `fa_auth_rule`  SET `pid`=85,`name`='videotest/del',`icon`='fa fa-circle-o',`title`='删除',`ismenu`=0,`status`='normal',`updatetime`=1565316545  WHERE  `id` = 90 [ RunTime:0.001000s ]
[ 2019-08-09T10:09:05+08:00 ][ sql ] [ SQL ] UPDATE `fa_auth_rule`  SET `pid`=85,`name`='videotest/destroy',`icon`='fa fa-circle-o',`title`='真实删除',`ismenu`=0,`status`='normal',`updatetime`=1565316545  WHERE  `id` = 91 [ RunTime:0.001000s ]
[ 2019-08-09T10:09:05+08:00 ][ sql ] [ SQL ] UPDATE `fa_auth_rule`  SET `pid`=85,`name`='videotest/restore',`icon`='fa fa-circle-o',`title`='还原',`ismenu`=0,`status`='normal',`updatetime`=1565316545  WHERE  `id` = 92 [ RunTime:0.001000s ]
[ 2019-08-09T10:09:05+08:00 ][ sql ] [ SQL ] UPDATE `fa_auth_rule`  SET `pid`=85,`name`='videotest/multi',`icon`='fa fa-circle-o',`title`='批量更新',`ismenu`=0,`status`='normal',`updatetime`=1565316545  WHERE  `id` = 93 [ RunTime:0.001000s ]
[ 2019-08-09T10:10:58+08:00 ][ sql ] [ DB ] CONNECT:[ UseTime:0.006000s ] mysql:host=127.0.0.1;dbname=fastadmin;charset=utf8
[ 2019-08-09T10:10:58+08:00 ][ sql ] [ SQL ] SHOW TABLE STATUS LIKE 'videotest' [ RunTime:0.001000s ]
[ 2019-08-09T10:10:58+08:00 ][ sql ] [ SQL ] SHOW TABLE STATUS LIKE 'fa_videotest' [ RunTime:0.002001s ]
[ 2019-08-09T10:14:58+08:00 ][ sql ] [ DB ] CONNECT:[ UseTime:0.012000s ] mysql:host=127.0.0.1;dbname=fastadmin;charset=utf8
[ 2019-08-09T10:14:58+08:00 ][ sql ] [ SQL ] SHOW TABLE STATUS LIKE 'videotest' [ RunTime:0.001000s ]
[ 2019-08-09T10:14:58+08:00 ][ sql ] [ SQL ] SHOW TABLE STATUS LIKE 'fa_videotest' [ RunTime:0.002000s ]
[ 2019-08-09T10:14:58+08:00 ][ sql ] [ SQL ] SELECT * FROM `information_schema`.`columns` WHERE TABLE_SCHEMA = 'fastadmin' AND table_name = 'fa_videotest' ORDER BY ORDINAL_POSITION [ RunTime:0.001000s ]
[ 2019-08-09T10:15:00+08:00 ][ sql ] [ DB ] CONNECT:[ UseTime:0.008001s ] mysql:host=127.0.0.1;dbname=fastadmin;charset=utf8
[ 2019-08-09T10:15:00+08:00 ][ sql ] [ SQL ] SHOW COLUMNS FROM `fa_auth_rule` [ RunTime:0.001000s ]
[ 2019-08-09T10:15:00+08:00 ][ sql ] [ SQL ] SELECT * FROM `fa_auth_rule` WHERE  `name` = 'videotest' LIMIT 1 [ RunTime:0.000000s ]
[ 2019-08-09T10:15:00+08:00 ][ sql ] [ SQL ] SELECT `id` FROM `fa_auth_rule` WHERE  `name` = 'videotest/index' LIMIT 1 [ RunTime:0.000000s ]
[ 2019-08-09T10:15:00+08:00 ][ sql ] [ SQL ] SELECT `id` FROM `fa_auth_rule` WHERE  `name` = 'videotest/recyclebin' LIMIT 1 [ RunTime:0.000000s ]
[ 2019-08-09T10:15:00+08:00 ][ sql ] [ SQL ] SELECT `id` FROM `fa_auth_rule` WHERE  `name` = 'videotest/add' LIMIT 1 [ RunTime:0.000000s ]
[ 2019-08-09T10:15:00+08:00 ][ sql ] [ SQL ] SELECT `id` FROM `fa_auth_rule` WHERE  `name` = 'videotest/edit' LIMIT 1 [ RunTime:0.000000s ]
[ 2019-08-09T10:15:00+08:00 ][ sql ] [ SQL ] SELECT `id` FROM `fa_auth_rule` WHERE  `name` = 'videotest/del' LIMIT 1 [ RunTime:0.001001s ]
[ 2019-08-09T10:15:00+08:00 ][ sql ] [ SQL ] SELECT `id` FROM `fa_auth_rule` WHERE  `name` = 'videotest/destroy' LIMIT 1 [ RunTime:0.001000s ]
[ 2019-08-09T10:15:00+08:00 ][ sql ] [ SQL ] SELECT `id` FROM `fa_auth_rule` WHERE  `name` = 'videotest/restore' LIMIT 1 [ RunTime:0.000000s ]
[ 2019-08-09T10:15:00+08:00 ][ sql ] [ SQL ] SELECT `id` FROM `fa_auth_rule` WHERE  `name` = 'videotest/multi' LIMIT 1 [ RunTime:0.000000s ]
[ 2019-08-09T10:15:00+08:00 ][ sql ] [ SQL ] UPDATE `fa_auth_rule`  SET `pid`=85,`name`='videotest/index',`icon`='fa fa-circle-o',`title`='查看',`ismenu`=0,`status`='normal',`updatetime`=1565316900  WHERE  `id` = 86 [ RunTime:0.001000s ]
[ 2019-08-09T10:15:00+08:00 ][ sql ] [ SQL ] UPDATE `fa_auth_rule`  SET `pid`=85,`name`='videotest/recyclebin',`icon`='fa fa-circle-o',`title`='回收站',`ismenu`=0,`status`='normal',`updatetime`=1565316900  WHERE  `id` = 87 [ RunTime:0.000000s ]
[ 2019-08-09T10:15:00+08:00 ][ sql ] [ SQL ] UPDATE `fa_auth_rule`  SET `pid`=85,`name`='videotest/add',`icon`='fa fa-circle-o',`title`='添加',`ismenu`=0,`status`='normal',`updatetime`=1565316900  WHERE  `id` = 88 [ RunTime:0.001000s ]
[ 2019-08-09T10:15:00+08:00 ][ sql ] [ SQL ] UPDATE `fa_auth_rule`  SET `pid`=85,`name`='videotest/edit',`icon`='fa fa-circle-o',`title`='编辑',`ismenu`=0,`status`='normal',`updatetime`=1565316900  WHERE  `id` = 89 [ RunTime:0.001000s ]
[ 2019-08-09T10:15:00+08:00 ][ sql ] [ SQL ] UPDATE `fa_auth_rule`  SET `pid`=85,`name`='videotest/del',`icon`='fa fa-circle-o',`title`='删除',`ismenu`=0,`status`='normal',`updatetime`=1565316900  WHERE  `id` = 90 [ RunTime:0.001000s ]
[ 2019-08-09T10:15:00+08:00 ][ sql ] [ SQL ] UPDATE `fa_auth_rule`  SET `pid`=85,`name`='videotest/destroy',`icon`='fa fa-circle-o',`title`='真实删除',`ismenu`=0,`status`='normal',`updatetime`=1565316900  WHERE  `id` = 91 [ RunTime:0.000000s ]
[ 2019-08-09T10:15:00+08:00 ][ sql ] [ SQL ] UPDATE `fa_auth_rule`  SET `pid`=85,`name`='videotest/restore',`icon`='fa fa-circle-o',`title`='还原',`ismenu`=0,`status`='normal',`updatetime`=1565316900  WHERE  `id` = 92 [ RunTime:0.001000s ]
[ 2019-08-09T10:15:00+08:00 ][ sql ] [ SQL ] UPDATE `fa_auth_rule`  SET `pid`=85,`name`='videotest/multi',`icon`='fa fa-circle-o',`title`='批量更新',`ismenu`=0,`status`='normal',`updatetime`=1565316900  WHERE  `id` = 93 [ RunTime:0.000000s ]
