[ 2019-08-13T09:37:49+08:00 ][ sql ] [ DB ] CONNECT:[ UseTime:0.012001s ] mysql:host=127.0.0.1;dbname=fastadmin;charset=utf8
[ 2019-08-13T09:37:49+08:00 ][ sql ] [ SQL ] SHOW TABLE STATUS LIKE 'videotest' [ RunTime:0.002001s ]
[ 2019-08-13T09:37:49+08:00 ][ sql ] [ SQL ] SHOW TABLE STATUS LIKE 'fa_videotest' [ RunTime:0.002000s ]
[ 2019-08-13T09:39:57+08:00 ][ sql ] [ DB ] CONNECT:[ UseTime:0.015001s ] mysql:host=127.0.0.1;dbname=fastadmin;charset=utf8
[ 2019-08-13T09:39:57+08:00 ][ sql ] [ SQL ] SHOW TABLE STATUS LIKE 'video' [ RunTime:0.042004s ]
[ 2019-08-13T09:39:57+08:00 ][ sql ] [ SQL ] SHOW TABLE STATUS LIKE 'fa_video' [ RunTime:0.002000s ]
[ 2019-08-13T09:39:57+08:00 ][ sql ] [ SQL ] SELECT * FROM `information_schema`.`columns` WHERE TABLE_SCHEMA = 'fastadmin' AND table_name = 'fa_video' ORDER BY ORDINAL_POSITION [ RunTime:0.001000s ]
[ 2019-08-13T09:39:59+08:00 ][ sql ] [ DB ] CONNECT:[ UseTime:0.012002s ] mysql:host=127.0.0.1;dbname=fastadmin;charset=utf8
[ 2019-08-13T09:39:59+08:00 ][ sql ] [ SQL ] SHOW COLUMNS FROM `fa_auth_rule` [ RunTime:0.018002s ]
[ 2019-08-13T09:39:59+08:00 ][ sql ] [ SQL ] SELECT * FROM `fa_auth_rule` WHERE  `name` = 'video' LIMIT 1 [ RunTime:0.000000s ]
[ 2019-08-13T09:39:59+08:00 ][ sql ] [ SQL ] INSERT INTO `fa_auth_rule` (`pid` , `name` , `title` , `icon` , `remark` , `ismenu` , `status` , `createtime` , `updatetime`) VALUES (0 , 'video' , '视频' , 'fa fa-circle-o' , '' , 1 , 'normal' , 1565660399 , 1565660399) [ RunTime:0.076008s ]
[ 2019-08-13T09:39:59+08:00 ][ sql ] [ SQL ] SELECT `id` FROM `fa_auth_rule` WHERE  `name` = 'video/index' LIMIT 1 [ RunTime:0.001000s ]
[ 2019-08-13T09:39:59+08:00 ][ sql ] [ SQL ] SELECT `id` FROM `fa_auth_rule` WHERE  `name` = 'video/recyclebin' LIMIT 1 [ RunTime:0.001000s ]
[ 2019-08-13T09:39:59+08:00 ][ sql ] [ SQL ] SELECT `id` FROM `fa_auth_rule` WHERE  `name` = 'video/add' LIMIT 1 [ RunTime:0.000000s ]
[ 2019-08-13T09:39:59+08:00 ][ sql ] [ SQL ] SELECT `id` FROM `fa_auth_rule` WHERE  `name` = 'video/edit' LIMIT 1 [ RunTime:0.000000s ]
[ 2019-08-13T09:39:59+08:00 ][ sql ] [ SQL ] SELECT `id` FROM `fa_auth_rule` WHERE  `name` = 'video/del' LIMIT 1 [ RunTime:0.000000s ]
[ 2019-08-13T09:39:59+08:00 ][ sql ] [ SQL ] SELECT `id` FROM `fa_auth_rule` WHERE  `name` = 'video/destroy' LIMIT 1 [ RunTime:0.001000s ]
[ 2019-08-13T09:39:59+08:00 ][ sql ] [ SQL ] SELECT `id` FROM `fa_auth_rule` WHERE  `name` = 'video/restore' LIMIT 1 [ RunTime:0.000000s ]
[ 2019-08-13T09:39:59+08:00 ][ sql ] [ SQL ] SELECT `id` FROM `fa_auth_rule` WHERE  `name` = 'video/multi' LIMIT 1 [ RunTime:0.000000s ]
[ 2019-08-13T09:39:59+08:00 ][ sql ] [ SQL ] INSERT INTO `fa_auth_rule` (`id` , `pid` , `name` , `icon` , `title` , `ismenu` , `status` , `createtime` , `updatetime`) VALUES (NULL , 103 , 'video/index' , 'fa fa-circle-o' , '查看' , 0 , 'normal' , 1565660399 , 1565660399) [ RunTime:0.000000s ]
[ 2019-08-13T09:39:59+08:00 ][ sql ] [ SQL ] INSERT INTO `fa_auth_rule` (`id` , `pid` , `name` , `icon` , `title` , `ismenu` , `status` , `createtime` , `updatetime`) VALUES (NULL , 103 , 'video/recyclebin' , 'fa fa-circle-o' , '回收站' , 0 , 'normal' , 1565660399 , 1565660399) [ RunTime:0.000000s ]
[ 2019-08-13T09:39:59+08:00 ][ sql ] [ SQL ] INSERT INTO `fa_auth_rule` (`id` , `pid` , `name` , `icon` , `title` , `ismenu` , `status` , `createtime` , `updatetime`) VALUES (NULL , 103 , 'video/add' , 'fa fa-circle-o' , '添加' , 0 , 'normal' , 1565660399 , 1565660399) [ RunTime:0.000000s ]
[ 2019-08-13T09:39:59+08:00 ][ sql ] [ SQL ] INSERT INTO `fa_auth_rule` (`id` , `pid` , `name` , `icon` , `title` , `ismenu` , `status` , `createtime` , `updatetime`) VALUES (NULL , 103 , 'video/edit' , 'fa fa-circle-o' , '编辑' , 0 , 'normal' , 1565660399 , 1565660399) [ RunTime:0.000000s ]
[ 2019-08-13T09:39:59+08:00 ][ sql ] [ SQL ] INSERT INTO `fa_auth_rule` (`id` , `pid` , `name` , `icon` , `title` , `ismenu` , `status` , `createtime` , `updatetime`) VALUES (NULL , 103 , 'video/del' , 'fa fa-circle-o' , '删除' , 0 , 'normal' , 1565660399 , 1565660399) [ RunTime:0.000000s ]
[ 2019-08-13T09:39:59+08:00 ][ sql ] [ SQL ] INSERT INTO `fa_auth_rule` (`id` , `pid` , `name` , `icon` , `title` , `ismenu` , `status` , `createtime` , `updatetime`) VALUES (NULL , 103 , 'video/destroy' , 'fa fa-circle-o' , '真实删除' , 0 , 'normal' , 1565660399 , 1565660399) [ RunTime:0.000000s ]
[ 2019-08-13T09:39:59+08:00 ][ sql ] [ SQL ] INSERT INTO `fa_auth_rule` (`id` , `pid` , `name` , `icon` , `title` , `ismenu` , `status` , `createtime` , `updatetime`) VALUES (NULL , 103 , 'video/restore' , 'fa fa-circle-o' , '还原' , 0 , 'normal' , 1565660399 , 1565660399) [ RunTime:0.001000s ]
[ 2019-08-13T09:39:59+08:00 ][ sql ] [ SQL ] INSERT INTO `fa_auth_rule` (`id` , `pid` , `name` , `icon` , `title` , `ismenu` , `status` , `createtime` , `updatetime`) VALUES (NULL , 103 , 'video/multi' , 'fa fa-circle-o' , '批量更新' , 0 , 'normal' , 1565660399 , 1565660399) [ RunTime:0.000000s ]
